Warning: Permanently added '[localhost]:29151' (ED25519) to the list of known hosts.
executing program
syzkaller login: [   53.480052][ T9407] loop0: detected capacity change from 0 to 128
[   53.488822][ T9407] ------------[ cut here ]------------
[   53.489552][ T9407] UBSAN: shift-out-of-bounds in fs/befs/super.c:96:9
[   53.490348][ T9407] shift exponent 3229888891 is too large for 32-bit type 'int'
[   53.491195][ T9407] CPU: 1 UID: 0 PID: 9407 Comm: syz-executor131 Not tainted 6.14.0-rc4 #1
[   53.491214][ T9407] Hardware name: QEMU Standard PC (i440FX + PIIX, 1996), BIOS 1.15.0-1 04/01/2014
[   53.491223][ T9407] Call Trace:
[   53.491229][ T9407]  <TASK>
[   53.491236][ T9407]  dump_stack_lvl+0x180/0x1b0
[   53.491287][ T9407]  __ubsan_handle_shift_out_of_bounds+0x1d2/0x350
[   53.491327][ T9407]  befs_check_sb.cold+0x19/0x6f
[   53.491350][ T9407]  befs_fill_super+0x59f/0xcc0
[   53.491374][ T9407]  get_tree_bdev_flags+0x396/0x630
[   53.491395][ T9407]  ? __pfx_befs_fill_super+0x10/0x10
[   53.491416][ T9407]  ? __pfx_get_tree_bdev_flags+0x10/0x10
[   53.491436][ T9407]  ? cap_capable+0xbc/0x270
[   53.491458][ T9407]  ? bpf_lsm_capable+0x9/0x10
[   53.491476][ T9407]  ? security_capable+0x210/0x260
[   53.491498][ T9407]  vfs_get_tree+0x93/0x350
[   53.491515][ T9407]  do_new_mount+0x368/0x730
[   53.491543][ T9407]  ? __pfx_do_new_mount+0x10/0x10
[   53.491568][ T9407]  ? safesetid_security_capable+0xc4/0x1e0
[   53.491592][ T9407]  ? bpf_lsm_capable+0x9/0x10
[   53.491609][ T9407]  ? security_capable+0x210/0x260
[   53.491631][ T9407]  path_mount+0x4a6/0x17f0
[   53.491659][ T9407]  ? strncpy_from_user+0x20e/0x2f0
[   53.491684][ T9407]  ? putname+0x134/0x170
[   53.491710][ T9407]  ? __pfx_path_mount+0x10/0x10
[   53.491739][ T9407]  ? putname+0x134/0x170
[   53.491767][ T9407]  __x64_sys_mount+0x288/0x310
[   53.491800][ T9407]  ? __pfx___x64_sys_mount+0x10/0x10
[   53.491835][ T9407]  do_syscall_64+0xcb/0x260
[   53.491860][ T9407]  entry_SYSCALL_64_after_hwframe+0x77/0x7f
[   53.491885][ T9407] RIP: 0033:0x7f1eb93944ae
[   53.491900][ T9407] Code: 48 c7 c0 ff ff ff ff eb aa e8 fe 06 00 00 66 2e 0f 1f 84 00 00 00 00 00 0f 1f 40 00 f3 0f 1e fa 49 89 ca b8 a5 00 00 00 0f 05 <48> 3d 01 f0 ff ff 73 01 c3 48 c7 c1 b8 ff ff ff f7 d8 64 89 01 48
[   53.491917][ T9407] RSP: 002b:00007fffc0328688 EFLAGS: 00000282 ORIG_RAX: 00000000000000a5
[   53.491934][ T9407] RAX: ffffffffffffffda RBX: 000055559431e378 RCX: 00007f1eb93944ae
[   53.491945][ T9407] RDX: 0000400000000100 RSI: 0000400000009e40 RDI: 00007fffc03286b0
[   53.491954][ T9407] RBP: 00007fffc03286b0 R08: 00007fffc03286f0 R09: 0000000000009e1f
[   53.491964][ T9407] R10: 0000000003008001 R11: 0000000000000282 R12: 0000400000009e40
[   53.491974][ T9407] R13: 0000400000000100 R14: 00007fffc03286f0 R15: 0000000000000004
[   53.491996][ T9407]  </TASK>
[   53.517786][ T9407] ---[ end trace ]---
[   53.518219][ T9407] Kernel panic - not syncing: UBSAN: panic_on_warn set ...
[   53.518915][ T9407] CPU: 1 UID: 0 PID: 9407 Comm: syz-executor131 Not tainted 6.14.0-rc4 #1
[   53.519757][ T9407] Hardware name: QEMU Standard PC (i440FX + PIIX, 1996), BIOS 1.15.0-1 04/01/2014
[   53.520646][ T9407] Call Trace:
[   53.520967][ T9407]  <TASK>
[   53.521264][ T9407]  dump_stack_lvl+0x3d/0x1b0
[   53.521713][ T9407]  panic+0x6d5/0x790
[   53.522106][ T9407]  ? mark_held_locks+0x9f/0xf0
[   53.522590][ T9407]  ? __pfx_panic+0x10/0x10
[   53.523042][ T9407]  ? __pfx__printk+0x10/0x10
[   53.523513][ T9407]  check_panic_on_warn+0xb1/0xc0
[   53.523997][ T9407]  __ubsan_handle_shift_out_of_bounds+0x1f9/0x350
[   53.524633][ T9407]  befs_check_sb.cold+0x19/0x6f
[   53.525103][ T9407]  befs_fill_super+0x59f/0xcc0
[   53.525534][ T9407]  get_tree_bdev_flags+0x396/0x630
[   53.525984][ T9407]  ? __pfx_befs_fill_super+0x10/0x10
[   53.526477][ T9407]  ? __pfx_get_tree_bdev_flags+0x10/0x10
[   53.526995][ T9407]  ? cap_capable+0xbc/0x270
[   53.527425][ T9407]  ? bpf_lsm_capable+0x9/0x10
[   53.527872][ T9407]  ? security_capable+0x210/0x260
[   53.528348][ T9407]  vfs_get_tree+0x93/0x350
[   53.528767][ T9407]  do_new_mount+0x368/0x730
[   53.529201][ T9407]  ? __pfx_do_new_mount+0x10/0x10
[   53.529681][ T9407]  ? safesetid_security_capable+0xc4/0x1e0
[   53.530214][ T9407]  ? bpf_lsm_capable+0x9/0x10
[   53.530650][ T9407]  ? security_capable+0x210/0x260
[   53.531115][ T9407]  path_mount+0x4a6/0x17f0
[   53.531532][ T9407]  ? strncpy_from_user+0x20e/0x2f0
[   53.531987][ T9407]  ? putname+0x134/0x170
[   53.532377][ T9407]  ? __pfx_path_mount+0x10/0x10
[   53.532813][ T9407]  ? putname+0x134/0x170
[   53.533221][ T9407]  __x64_sys_mount+0x288/0x310
[   53.533660][ T9407]  ? __pfx___x64_sys_mount+0x10/0x10
[   53.534147][ T9407]  do_syscall_64+0xcb/0x260
[   53.534575][ T9407]  entry_SYSCALL_64_after_hwframe+0x77/0x7f
[   53.535097][ T9407] RIP: 0033:0x7f1eb93944ae
[   53.535505][ T9407] Code: 48 c7 c0 ff ff ff ff eb aa e8 fe 06 00 00 66 2e 0f 1f 84 00 00 00 00 00 0f 1f 40 00 f3 0f 1e fa 49 89 ca b8 a5 00 00 00 0f 05 <48> 3d 01 f0 ff ff 73 01 c3 48 c7 c1 b8 ff ff ff f7 d8 64 89 01 48
[   53.537162][ T9407] RSP: 002b:00007fffc0328688 EFLAGS: 00000282 ORIG_RAX: 00000000000000a5
[   53.537910][ T9407] RAX: ffffffffffffffda RBX: 000055559431e378 RCX: 00007f1eb93944ae
[   53.538612][ T9407] RDX: 0000400000000100 RSI: 0000400000009e40 RDI: 00007fffc03286b0
[   53.539297][ T9407] RBP: 00007fffc03286b0 R08: 00007fffc03286f0 R09: 0000000000009e1f
[   53.539981][ T9407] R10: 0000000003008001 R11: 0000000000000282 R12: 0000400000009e40
[   53.540672][ T9407] R13: 0000400000000100 R14: 00007fffc03286f0 R15: 0000000000000004
[   53.541377][ T9407]  </TASK>
[   53.541792][ T9407] Kernel Offset: disabled
[   53.542210][ T9407] Rebooting in 86400 seconds..

VM DIAGNOSIS:
00:17:09  Registers:
info registers vcpu 0
RAX=0000000000000004 RBX=1ffff92000477f65 RCX=0000000000000000 RDX=0000000000000000
RSI=ffffffff90898bf4 RDI=ffff888040402d98 RBP=ffff888040402d98 RSP=ffffc900023bfad8
R8 =0000000000000001 R9 =0000000000000001 R10=0000000000000000 R11=0000000000000000
R12=0000000000000000 R13=0000000000000000 R14=ffff888040402d98 R15=0000000000000000
RIP=ffffffff819a9329 RFL=00000002 [-------] CPL=0 II=0 A20=1 SMM=0 HLT=0
ES =0000 0000000000000000 ffffffff 00c00000
CS =0010 0000000000000000 ffffffff 00a09b00 DPL=0 CS64 [-RA]
SS =0018 0000000000000000 ffffffff 00c09300 DPL=0 DS   [-WA]
DS =0000 0000000000000000 ffffffff 00c00000
FS =0000 00007fdc903e68c0 ffffffff 00c00000
GS =0000 ffff88802b600000 ffffffff 00c00000
LDT=0000 0000000000000000 ffffffff 00c00000
TR =0040 fffffe0000003000 00004087 00008b00 DPL=0 TSS64-busy
GDT=     fffffe0000001000 0000007f
IDT=     fffffe0000000000 00000fff
CR0=80050033 CR2=00007fdc90582b30 CR3=00000000457de000 CR4=000006f0
DR0=0000000000000000 DR1=0000000000000000 DR2=0000000000000000 DR3=0000000000000000 
DR6=00000000fffe0ff0 DR7=0000000000000400
EFER=0000000000000d01
FCW=037f FSW=0000 [ST=0] FTW=00 MXCSR=00001f80
FPR0=0000000000000000 0000 FPR1=0000000000000000 0000
FPR2=0000000000000000 0000 FPR3=0000000000000000 0000
FPR4=0000000000000000 0000 FPR5=0000000000000000 0000
FPR6=0000000000000000 0000 FPR7=0000000000000000 0000
XMM00=0000000000000000 0000000000000000 XMM01=0000000000000000 0000000000000000
XMM02=ffffffffffff0000 ffff000000000000 XMM03=ffff000000000000 ffff000000000000
XMM04=0000000000000000 0000000000000000 XMM05=00000000ffffffff ffffff00ffff0000
XMM06=2f6d726f6674616c 702f736563697665 XMM07=642f3d4854415056 45440065676e6168
XMM08=0000000000000000 000000010100ff01 XMM09=ffff000000000000 000000ffff00ffff
XMM10=0000000000000000 0000000000000000 XMM11=ffff00ffff00ffff ffff00ffff00ffff
XMM12=0000000000000000 0000000000000000 XMM13=0000000000000000 0000000000000000
XMM14=0000000000000000 0000000000000000 XMM15=0000000000000000 0000000000000000
info registers vcpu 1
RAX=0000000000000020 RBX=00000000000003f8 RCX=0000000000000000 RDX=00000000000003f8
RSI=0000000000000000 RDI=ffffffff9b037a00 RBP=ffffffff9b0379c0 RSP=ffffc900001f89a0
R8 =0000000000000000 R9 =0000000000000000 R10=0000000000000000 R11=0000000000000000
R12=0000000000000000 R13=0000000000000020 R14=ffffffff9b0379c0 R15=0000000000000000
RIP=ffffffff8540d9bf RFL=00000002 [-------] CPL=0 II=0 A20=1 SMM=0 HLT=0
ES =0000 0000000000000000 ffffffff 00c00000
CS =0010 0000000000000000 ffffffff 00a09b00 DPL=0 CS64 [-RA]
SS =0018 0000000000000000 ffffffff 00c09300 DPL=0 DS   [-WA]
DS =0000 0000000000000000 ffffffff 00c00000
FS =0000 000055559431e3c0 ffffffff 00c00000
GS =0000 ffff88807ee00000 ffffffff 00c00000
LDT=0000 0000000000000000 ffffffff 00c00000
TR =0040 fffffe000004a000 00004087 00008b00 DPL=0 TSS64-busy
GDT=     fffffe0000048000 0000007f
IDT=     fffffe0000000000 00000fff
CR0=80050033 CR2=00007f1eb0e0f000 CR3=000000004534e000 CR4=000006f0
DR0=0000000000000000 DR1=0000000000000000 DR2=0000000000000000 DR3=0000000000000000 
DR6=00000000fffe0ff0 DR7=0000000000000400
EFER=0000000000000d01
FCW=037f FSW=0000 [ST=0] FTW=00 MXCSR=00001f80
FPR0=0000000000000000 0000 FPR1=0000000000000000 0000
FPR2=0000000000000000 0000 FPR3=0000000000000000 0000
FPR4=0000000000000000 0000 FPR5=0000000000000000 0000
FPR6=0000000000000000 0000 FPR7=0000000000000000 0000
XMM00=ffffffffffffffff ffffffff00000000 XMM01=0101010100010101 0101010100000000
XMM02=6365786500646975 756f6e2c00736678 XMM03=ffffffffffffffff ffffffffffffffff
XMM04=0000000000ff0000 00000000000000ff XMM05=49cba92effff0000 2fff1e838f54f8f6
XMM06=4f8f44f8f78f8f58 f8f68f8f48f8f70f XMM07=8f50f8f60f8f40f8 f7f78f5f78f6f78f
XMM08=4f78f7778f5778f6 778f4778f7b78f5b XMM09=0000000000000000 0000000000000000
XMM10=0000000000000000 0000000000000000 XMM11=0000000000000000 0000000000000000
XMM12=0000000000000000 0000000000000000 XMM13=0000000000000000 0000000000000000
XMM14=0000000000000000 0000000000000000 XMM15=0000000000000000 0000000000000000
